C51 COMPILER V9.60.0.0   OLED                                                              06/02/2021 15:02:15 PAGE 1   


C51 COMPILER V9.60.0.0, COMPILATION OF MODULE OLED
OBJECT MODULE PLACED IN oled.obj
COMPILER INVOKED BY: C:\Keil_v5\C51\BIN\C51.EXE SRC\oled.c OPTIMIZE(8,SPEED) BROWSE INCDIR(.\SRC) DEBUG OBJECTEXTEND PRI
                    -NT(.\oled.lst) TABS(2) OBJECT(oled.obj)

line level    source

   1          //////////////////////////////////////////////////////////////////////////////////   
   2          //              说明: 
   3          //              ----------------------------------------------------------------
   4          //              GND    电源地
   5          //              VCC  接5V或3.3v电源
   6          //              D0   P2^7（SCL）
   7          //              D1   P2^6（SDA）
   8          //              RES  接P25
   9          //              DC   接P24
  10          //              CS   接P26  -----                     
  11          //              ----------------------------------------------------------------
  12          //******************************************************************************/。
  13          #include "oled.h"
  14          //#include "stdlib.h"
  15          #include "oledfont.h"    
  16          //#include "delay.h"
  17          //OLED的显存
  18          //存放格式如下.
  19          //[0]0 1 2 3 ... 127  
  20          //[1]0 1 2 3 ... 127  
  21          //[2]0 1 2 3 ... 127  
  22          //[3]0 1 2 3 ... 127  
  23          //[4]0 1 2 3 ... 127  
  24          //[5]0 1 2 3 ... 127  
  25          //[6]0 1 2 3 ... 127  
  26          //[7]0 1 2 3 ... 127         
  27          void delay_ms_oled12864(unsigned int ms)
  28          {                         
  29   1        unsigned int a;
  30   1        while(ms)
  31   1        {
  32   2          a=1800;
  33   2          while(a--);
  34   2          ms--;
  35   2        }
  36   1        return;
  37   1      }
  38          
  39          
  40          
  41          
  42          #if OLED_MODE==1
              //向SSD1106写入一个字节。
              //dat:要写入的数据/命令
              //cmd:数据/命令标志 0,表示命令;1,表示数据;
              void OLED_WR_Byte(u8 dat,u8 cmd)
              {
                DATAOUT(dat);     
                if(cmd)
                  OLED_DC_Set();
                else 
                  OLED_DC_Clr();       
                OLED_CS_Clr();
                OLED_WR_Clr();   
C51 COMPILER V9.60.0.0   OLED                                                              06/02/2021 15:02:15 PAGE 2   

                OLED_WR_Set();
                OLED_CS_Set();    
                OLED_DC_Set();   
              }             
              #else
  60          //向SSD1306写入一个字节。
  61          //dat:要写入的数据/命令
  62          //cmd:数据/命令标志 0,表示命令;1,表示数据;
  63          void OLED_WR_Byte(u8 dat,u8 cmd)
  64          { 
  65   1        u8 i;       
  66   1        if(cmd)
  67   1          OLED_DC_Set();
  68   1        else 
  69   1          OLED_DC_Clr();      
  70   1        OLED_CS_Clr();
  71   1      
  72   1        for(i=0;i<8;i++)
  73   1        {       
  74   2          OLED_SCLK_Clr();
  75   2      
  76   2          if(dat&0x80)
  77   2            {
  78   3             OLED_SDIN_Set();
  79   3            }
  80   2              else
  81   2             OLED_SDIN_Clr();
  82   2      
  83   2            OLED_SCLK_Set();
  84   2          dat<<=1;   
  85   2        }             
  86   1        OLED_CS_Set();
  87   1        OLED_DC_Set();      
  88   1      } 
  89          #endif
  90          
  91          
  92          
  93          
  94          
  95          
  96          void OLED_Set_Pos(unsigned char x, unsigned char y) 
  97          { 
  98   1        OLED_WR_Byte(0xb0+y,OLED_CMD);
  99   1        OLED_WR_Byte(((x&0xf0)>>4)|0x10,OLED_CMD);
 100   1        OLED_WR_Byte((x&0x0f)|0x01,OLED_CMD); 
 101   1      }       
 102          
 103          
 104          //开启OLED显示    
 105          void OLED_Display_On(void)
 106          {
 107   1        OLED_WR_Byte(0X8D,OLED_CMD);  //SET DCDC命令
 108   1        OLED_WR_Byte(0X14,OLED_CMD);  //DCDC ON
 109   1        OLED_WR_Byte(0XAF,OLED_CMD);  //DISPLAY ON
 110   1      }
 111          
 112          
 113          //关闭OLED显示     
 114          void OLED_Display_Off(void)
 115          {
 116   1        OLED_WR_Byte(0X8D,OLED_CMD);  //SET DCDC命令
C51 COMPILER V9.60.0.0   OLED                                                              06/02/2021 15:02:15 PAGE 3   

 117   1        OLED_WR_Byte(0X10,OLED_CMD);  //DCDC OFF
 118   1        OLED_WR_Byte(0XAE,OLED_CMD);  //DISPLAY OFF
 119   1      }      
 120          
 121          
 122                 
 123          //清屏函数,清完屏,整个屏幕是黑色的!和没点亮一样!!!    
 124          void OLED_Clear(void)  
 125          {  
 126   1        u8 i,n;       
 127   1        for(i=0;i<8;i++)  
 128   1        {  
 129   2          OLED_WR_Byte (0xb0+i,OLED_CMD);    //设置页地址（0~7）
 130   2          OLED_WR_Byte (0x00,OLED_CMD);      //设置显示位置―列低地址
 131   2          OLED_WR_Byte (0x10,OLED_CMD);      //设置显示位置―列高地址   
 132   2          for(n=0;n<128;n++)OLED_WR_Byte(0,OLED_DATA); 
 133   2        } //更新显示
 134   1      }
 135          
 136          
 137          //在指定位置显示一个字符,包括部分字符
 138          //x:0~127
 139          //y:0~63
 140          //mode:0,反白显示;1,正常显示         
 141          //size:选择字体 16/12 
 142          void OLED_ShowChar(u8 x,u8 y,u8 chr)
 143          {       
 144   1        unsigned char c=0,i=0;  
 145   1          c=chr-' ';//得到偏移后的值      
 146   1          if(x>Max_Column-1){x=0;y=y+2;}
 147   1          if(SIZE ==16)
 148   1            {
 149   2            OLED_Set_Pos(x,y);  
 150   2            for(i=0;i<8;i++)
 151   2            OLED_WR_Byte(F8X16[c*16+i],OLED_DATA);
 152   2            OLED_Set_Pos(x,y+1);
 153   2            for(i=0;i<8;i++)
 154   2            OLED_WR_Byte(F8X16[c*16+i+8],OLED_DATA);
 155   2            }
 156   1            else {  
 157   2              OLED_Set_Pos(x,y+1);
 158   2              for(i=0;i<6;i++)
 159   2              OLED_WR_Byte(F6x8[c][i],OLED_DATA);
 160   2              
 161   2            }
 162   1      }
 163          
 164          
 165          
 166          //m^n函数
 167          u32 oled_pow(u8 m,u8 n)
 168          {
 169   1        u32 result=1;  
 170   1        while(n--)result*=m;    
 171   1        return result;
 172   1      } 
 173          
 174                  
 175          //显示2个数字
 176          //x,y :起点坐标  
 177          //len :数字的位数
 178          //size:字体大小
C51 COMPILER V9.60.0.0   OLED                                                              06/02/2021 15:02:15 PAGE 4   

 179          //mode:模式 0,填充模式;1,叠加模式
 180          //num:数值(0~4294967295);       
 181          void OLED_ShowNum(u8 x,u8 y,u32 num,u8 len,u8 size2)
 182          {           
 183   1        u8 t,temp;
 184   1        u8 enshow=0;               
 185   1        for(t=0;t<len;t++)
 186   1        {
 187   2          temp=(num/oled_pow(10,len-t-1))%10;
 188   2          if(enshow==0&&t<(len-1))
 189   2          {
 190   3            if(temp==0)
 191   3            {
 192   4              OLED_ShowChar(x+(size2/2)*t,y,' ');
 193   4              continue;
 194   4            }else enshow=1; 
 195   3             
 196   3          }
 197   2          OLED_ShowChar(x+(size2/2)*t,y,temp+'0'); 
 198   2        }
 199   1      } 
 200          
 201          
 202          
 203          //显示一个字符号串
 204          void OLED_ShowString(u8 x,u8 y,u8 *chr)
 205          {
 206   1        unsigned char j=0;
 207   1        while (chr[j]!='\0')
 208   1        {   OLED_ShowChar(x,y,chr[j]);
 209   2            x+=8;
 210   2          if(x>120){x=0;y+=2;}
 211   2            j++;
 212   2        }
 213   1      }
 214          
 215          
 216          
 217          //显示汉字
 218          //void OLED_ShowCHinese(u8 x,u8 y,u8 no)
 219          //{               
 220          //  u8 t,adder=0;
 221          //  OLED_Set_Pos(x,y);  
 222          //    for(t=0;t<16;t++)
 223          //    {
 224          //        OLED_WR_Byte(Hzk[2*no][t],OLED_DATA);
 225          //        adder+=1;
 226          //     }  
 227          //    OLED_Set_Pos(x,y+1);  
 228          //    for(t=0;t<16;t++)
 229          //      { 
 230          //        OLED_WR_Byte(Hzk[2*no+1][t],OLED_DATA);
 231          //        adder+=1;
 232          //      }         
 233          //}
 234          
 235          void OLED_ShowCHinese1(u8 x,u8 y,u8 no)
 236          {               
 237   1        u8 t,adder=0;
 238   1        OLED_Set_Pos(x,y);  
 239   1          for(t=0;t<16;t++)
 240   1          {
C51 COMPILER V9.60.0.0   OLED                                                              06/02/2021 15:02:15 PAGE 5   

 241   2              OLED_WR_Byte(Hzk1[2*no][t],OLED_DATA);
 242   2              adder+=1;
 243   2           }  
 244   1          OLED_Set_Pos(x,y+1);  
 245   1          for(t=0;t<16;t++)
 246   1            { 
 247   2              OLED_WR_Byte(Hzk1[2*no+1][t],OLED_DATA);
 248   2              adder+=1;
 249   2            }         
 250   1      }
 251          
 252          
 253          
 254          
 255          
 256          /***********功能描述：显示显示BMP图片128×64起始点坐标(x,y),x的范围0～127，y为页的范围0～7****************
             -*/
 257          void OLED_DrawBMP(unsigned char x0, unsigned char y0,unsigned char x1, unsigned char y1,unsigned char BMP[
             -])
 258          {   
 259   1       unsigned int j=0;
 260   1       unsigned char x,y;
 261   1        
 262   1        if(y1%8==0) y=y1/8;      
 263   1        else y=y1/8+1;
 264   1        for(y=y0;y<y1;y++)
 265   1        {
 266   2          OLED_Set_Pos(x0,y);
 267   2          for(x=x0;x<x1;x++)
 268   2            {      
 269   3              OLED_WR_Byte(BMP[j++],OLED_DATA);       
 270   3            }
 271   2        }
 272   1      } 
 273          
 274          
 275          
 276          
 277          //初始化SSD1306             
 278          void OLED_Init(void)
 279          {
 280   1       
 281   1      
 282   1       
 283   1          OLED_RST_Set();
 284   1        delay_ms_oled12864(100);
 285   1        OLED_RST_Clr();
 286   1        delay_ms_oled12864(100);
 287   1        OLED_RST_Set(); 
 288   1      
 289   1      
 290   1        OLED_WR_Byte(0xAE,OLED_CMD);//--turn off oled panel
 291   1        OLED_WR_Byte(0x00,OLED_CMD);//---set low column address
 292   1        OLED_WR_Byte(0x10,OLED_CMD);//---set high column address
 293   1        OLED_WR_Byte(0x40,OLED_CMD);//--set start line address  Set Mapping RAM Display Start Line (0x00~0x3F)
 294   1        OLED_WR_Byte(0x81,OLED_CMD);//--set contrast control register
 295   1        OLED_WR_Byte(0xCF,OLED_CMD); // Set SEG Output Current Brightness
 296   1        OLED_WR_Byte(0xA1,OLED_CMD);//--Set SEG/Column Mapping     0xa0左右反置 0xa1正常
 297   1        OLED_WR_Byte(0xC8,OLED_CMD);//Set COM/Row Scan Direction   0xc0上下反置 0xc8正常
 298   1        OLED_WR_Byte(0xA6,OLED_CMD);//--set normal display
 299   1        OLED_WR_Byte(0xA8,OLED_CMD);//--set multiplex ratio(1 to 64)
 300   1        OLED_WR_Byte(0x3f,OLED_CMD);//--1/64 duty
C51 COMPILER V9.60.0.0   OLED                                                              06/02/2021 15:02:15 PAGE 6   

 301   1        OLED_WR_Byte(0xD3,OLED_CMD);//-set display offset Shift Mapping RAM Counter (0x00~0x3F)
 302   1        OLED_WR_Byte(0x00,OLED_CMD);//-not offset
 303   1        OLED_WR_Byte(0xd5,OLED_CMD);//--set display clock divide ratio/oscillator frequency
 304   1        OLED_WR_Byte(0x80,OLED_CMD);//--set divide ratio, Set Clock as 100 Frames/Sec
 305   1        OLED_WR_Byte(0xD9,OLED_CMD);//--set pre-charge period
 306   1        OLED_WR_Byte(0xF1,OLED_CMD);//Set Pre-Charge as 15 Clocks & Discharge as 1 Clock
 307   1        OLED_WR_Byte(0xDA,OLED_CMD);//--set com pins hardware configuration
 308   1        OLED_WR_Byte(0x12,OLED_CMD);
 309   1        OLED_WR_Byte(0xDB,OLED_CMD);//--set vcomh
 310   1        OLED_WR_Byte(0x40,OLED_CMD);//Set VCOM Deselect Level
 311   1        OLED_WR_Byte(0x20,OLED_CMD);//-Set Page Addressing Mode (0x00/0x01/0x02)
 312   1        OLED_WR_Byte(0x02,OLED_CMD);//
 313   1        OLED_WR_Byte(0x8D,OLED_CMD);//--set Charge Pump enable/disable
 314   1        OLED_WR_Byte(0x14,OLED_CMD);//--set(0x10) disable
 315   1        OLED_WR_Byte(0xA4,OLED_CMD);// Disable Entire Display On (0xa4/0xa5)
 316   1        OLED_WR_Byte(0xA6,OLED_CMD);// Disable Inverse Display On (0xa6/a7) 
 317   1        OLED_WR_Byte(0xAF,OLED_CMD);//--turn on oled panel
 318   1        
 319   1        OLED_WR_Byte(0xAF,OLED_CMD); /*display ON*/ 
 320   1        OLED_Clear();
 321   1        OLED_Set_Pos(0,0);  
 322   1      }  
 323          
*** WARNING C294 IN LINE 157 OF SRC\oled.c: unreachable code


MODULE INFORMATION:   STATIC OVERLAYABLE
   CODE SIZE        =    903    ----
   CONSTANT SIZE    =   3032    ----
   XDATA SIZE       =   ----    ----
   PDATA SIZE       =   ----    ----
   DATA SIZE        =   ----      27
   IDATA SIZE       =   ----    ----
   BIT SIZE         =   ----    ----
END OF MODULE INFORMATION.


C51 COMPILATION COMPLETE.  1 WARNING(S),  0 ERROR(S)
