C51 COMPILER V9.60.0.0   DELAY                                                             06/02/2021 15:02:15 PAGE 1   


C51 COMPILER V9.60.0.0, COMPILATION OF MODULE DELAY
OBJECT MODULE PLACED IN delay.OBJ
COMPILER INVOKED BY: C:\Keil_v5\C51\BIN\C51.EXE delay.c OPTIMIZE(8,SPEED) BROWSE INCDIR(.\SRC) DEBUG OBJECTEXTEND TABS(2
                    -)

line level    source

   1          
   2          
   3          #include "stc8.h"
   4          #include "delay.h"
   5          
   6          /*
   7          24MHz主频下 
   8          在示波器下看
   9          */
  10          
  11                        //此函数只针对 STC8系列 其他芯片待测
  12          void delay_us(u16 us)   //24M内部晶振 示波器下 驱动IO动作 计算测试结果 
  13          {
  14   1        u16 i;
  15   1        u8 m;
  16   1        for(i=0;i<us;i++)
  17   1        for(m=0;m<2;m++); 
  18   1      }
  19          
  20          void delay_ms(u16 ms)   //24M内部晶振 示波器下 驱动IO动作 计算测试结果
  21          {
  22   1       u16 m;
  23   1       for(m=0;m<ms;m++)
  24   1       delay_us(1100);
  25   1      }
  26          
  27          
  28          
  29          
  30          


MODULE INFORMATION:   STATIC OVERLAYABLE
   CODE SIZE        =     62    ----
   CONSTANT SIZE    =   ----    ----
   XDATA SIZE       =   ----    ----
   PDATA SIZE       =   ----    ----
   DATA SIZE        =   ----       2
   IDATA SIZE       =   ----    ----
   BIT SIZE         =   ----    ----
END OF MODULE INFORMATION.


C51 COMPILATION COMPLETE.  0 WARNING(S),  0 ERROR(S)
