C51 COMPILER V9.60.0.0   MAIN                                                              06/02/2021 16:20:26 PAGE 1   


C51 COMPILER V9.60.0.0, COMPILATION OF MODULE MAIN
OBJECT MODULE PLACED IN main.OBJ
COMPILER INVOKED BY: C:\Keil_v5\C51\BIN\C51.EXE main.c OPTIMIZE(8,SPEED) BROWSE INCDIR(.\SRC) DEBUG OBJECTEXTEND TABS(2)

line level    source

   1          //////////////////////////////////////////////////////////////////////////////////   
   2          //        
   3          //******************************************************************************/
   4          #include <rtx51tny.h>
   5          #include "stc8.h"
   6          #include "oled.h"
   7          #include  "def.h"           //宏定义 常用函数
*** WARNING C317 IN LINE 12 OF def.h: attempt to redefine macro 'u32'
   8          #include  "delay.h"         //延时函数
   9          #include  "ds1302.h"
  10          
  11          //真对 STC8A系列 IO口初始化
  12          //除P3 P5口外 其他IO默认准双向IO口 所以当用的P3 P5口是要进行初始化一下   
  13          void IO_init(void)
  14          {
  15   1        P3M0 = 0X00;
  16   1        P3M1 = 0X00;
  17   1        P5M0 = 0X00;
  18   1        P5M1 = 0X00;
  19   1      }
  20           
  21          void job0() _task_ 0    //task0
  22          {
  23   1          IO_init();    //IO Init 口初始化
  24   1          OLED_Init();  // OLED Init 
  25   1          OLED_Clear(); 
  26   1          //Set_RTC();  //DS1302 Clock init   
  27   1        os_create_task(1);    //raise task1
  28   1        //Delete init task0
  29   1        //RTX51 require each task to have a 'while(1)', which task0 don;t have 
  30   1        os_delete_task(0);  
  31   1      }
  32          
  33          void job1() _task_ 1    //任务1
  34          {
  35   1        while(1)
  36   1        {
  37   2          ds1302_scan(0,0,1);   //更新显示
  38   2          delay_ms(200);
  39   2        }
  40   1      }
  41          


MODULE INFORMATION:   STATIC OVERLAYABLE
   CODE SIZE        =     47    ----
   CONSTANT SIZE    =   ----    ----
   XDATA SIZE       =   ----    ----
   PDATA SIZE       =   ----    ----
   DATA SIZE        =   ----    ----
   IDATA SIZE       =   ----    ----
   BIT SIZE         =   ----    ----
END OF MODULE INFORMATION.


C51 COMPILATION COMPLETE.  1 WARNING(S),  0 ERROR(S)
